[ INFO ] [2017-06-12 10:00:36] com.onchain.projects.ExplorerWsApplication [48] - Starting ExplorerWsApplication on DESKTOP-RBHC9GE with PID 14220 (C:\WORK_ONCHAIN\projects\explorer_ws\target\classes started by DELL in C:\WORK_ONCHAIN\projects\explorer_ws)
[ DEBUG] [2017-06-12 10:00:36] com.onchain.projects.ExplorerWsApplication [51] - Running with Spring Boot v1.5.3.RELEASE, Spring v4.3.8.RELEASE
[ INFO ] [2017-06-12 10:00:36] com.onchain.projects.ExplorerWsApplication [641] - The following profiles are active: uat
[ INFO ] [2017-06-12 10:00:36] org.springframework.boot.context.embedded.AnnotationConfigEmbeddedWebApplicationContext [582] - Refreshing org.springframework.boot.context.embedded.AnnotationConfigEmbeddedWebApplicationContext@5bfa9431: startup date [Mon Jun 12 10:00:36 CST 2017]; root of context hierarchy
[ INFO ] [2017-06-12 10:00:37] org.hibernate.validator.internal.util.Version [30] - HV000001: Hibernate Validator 5.3.5.Final
[ WARN ] [2017-06-12 10:00:37] org.mybatis.spring.mapper.ClassPathMapperScanner [166] - No MyBatis mapper was found in '[com.onchain.projects]' package. Please check your configuration.
[ INFO ] [2017-06-12 10:00:38] org.springframework.boot.context.embedded.tomcat.TomcatEmbeddedServletContainer [89] - Tomcat initialized with port(s): 7070 (http)
[ INFO ] [2017-06-12 10:00:38] org.apache.catalina.core.StandardService [179] - Starting service Tomcat
[ INFO ] [2017-06-12 10:00:38] org.apache.catalina.core.StandardEngine [179] - Starting Servlet Engine: Apache Tomcat/8.5.14
[ INFO ] [2017-06-12 10:00:39] org.apache.catalina.core.ContainerBase.[Tomcat].[localhost].[/] [179] - Initializing Spring embedded WebApplicationContext
[ INFO ] [2017-06-12 10:00:39] org.springframework.web.context.ContextLoader [276] - Root WebApplicationContext: initialization completed in 2206 ms
[ INFO ] [2017-06-12 10:00:39] org.springframework.boot.web.servlet.ServletRegistrationBean [190] - Mapping servlet: 'dispatcherServlet' to [/]
[ INFO ] [2017-06-12 10:00:39] org.springframework.boot.web.servlet.FilterRegistrationBean [258] - Mapping filter: 'characterEncodingFilter' to: [/*]
[ INFO ] [2017-06-12 10:00:39] org.springframework.boot.web.servlet.FilterRegistrationBean [258] - Mapping filter: 'hiddenHttpMethodFilter' to: [/*]
[ INFO ] [2017-06-12 10:00:39] org.springframework.boot.web.servlet.FilterRegistrationBean [258] - Mapping filter: 'httpPutFormContentFilter' to: [/*]
[ INFO ] [2017-06-12 10:00:39] org.springframework.boot.web.servlet.FilterRegistrationBean [258] - Mapping filter: 'requestContextFilter' to: [/*]
[ INFO ] [2017-06-12 10:00:39] org.springframework.boot.web.servlet.FilterRegistrationBean [258] - Mapping filter: 'simpleCORSFilter' to: [/*]
[ INFO ] [2017-06-12 10:00:40] org.springframework.scheduling.concurrent.ThreadPoolTaskExecutor [165] - Initializing ExecutorService  'clientInboundChannelExecutor'
[ INFO ] [2017-06-12 10:00:40] org.springframework.scheduling.concurrent.ThreadPoolTaskExecutor [165] - Initializing ExecutorService  'clientOutboundChannelExecutor'
[ INFO ] [2017-06-12 10:00:40] org.springframework.scheduling.concurrent.ThreadPoolTaskScheduler [165] - Initializing ExecutorService  'messageBrokerTaskScheduler'
[ INFO ] [2017-06-12 10:00:40] org.springframework.web.socket.server.support.WebSocketHandlerMapping [362] - Mapped URL path [/endpointMonitor/**] onto handler of type [class org.springframework.web.socket.sockjs.support.SockJsHttpRequestHandler]
[ INFO ] [2017-06-12 10:00:40] org.springframework.scheduling.concurrent.ThreadPoolTaskExecutor [165] - Initializing ExecutorService  'brokerChannelExecutor'
[ INFO ] [2017-06-12 10:00:40] org.springframework.web.socket.messaging.WebSocketAnnotationMethodMessageHandler [330] - Mapped "{[/welcome],messageType=[MESSAGE]}" onto public com.onchain.projects.ws.web.param.ResponseMessage com.onchain.projects.ws.web.WsController.say(com.onchain.projects.ws.web.param.RequestMessage)
[ INFO ] [2017-06-12 10:00:40] org.springframework.web.servlet.mvc.method.annotation.RequestMappingHandlerAdapter [534] - Looking for @ControllerAdvice: org.springframework.boot.context.embedded.AnnotationConfigEmbeddedWebApplicationContext@5bfa9431: startup date [Mon Jun 12 10:00:36 CST 2017]; root of context hierarchy
[ INFO ] [2017-06-12 10:00:41] org.springframework.web.servlet.mvc.method.annotation.RequestMappingHandlerMapping [543] - Mapped "{[/blocks/service/getBlocks],methods=[GET]}" onto public java.util.List<com.onchain.projects.domain.Block> com.onchain.projects.web.BlockController.getBlocks(javax.servlet.http.HttpServletRequest,javax.servlet.http.HttpServletResponse)
[ INFO ] [2017-06-12 10:00:41] org.springframework.web.servlet.mvc.method.annotation.RequestMappingHandlerMapping [543] - Mapped "{[/blocks/service/getBlocksOne],methods=[GET]}" onto public com.onchain.projects.domain.Block com.onchain.projects.web.BlockController.getBlocksOne(javax.servlet.http.HttpServletRequest,javax.servlet.http.HttpServletResponse)
[ INFO ] [2017-06-12 10:00:41] org.springframework.web.servlet.mvc.method.annotation.RequestMappingHandlerMapping [543] - Mapped "{[/blocks/service/getCurrentSumInfo]}" onto public com.onchain.projects.domain.Summary com.onchain.projects.web.BlockController.getCurrentSumInfo(javax.servlet.http.HttpServletRequest,javax.servlet.http.HttpServletResponse)
[ INFO ] [2017-06-12 10:00:41] org.springframework.web.servlet.mvc.method.annotation.RequestMappingHandlerMapping [543] - Mapped "{[/machine/service/latest/{ip}],methods=[GET]}" onto public com.onchain.projects.domain.Machine com.onchain.projects.web.MachineServerController.getServerInfo(javax.servlet.http.HttpServletRequest,javax.servlet.http.HttpServletResponse,java.lang.String)
[ INFO ] [2017-06-12 10:00:41] org.springframework.web.servlet.mvc.method.annotation.RequestMappingHandlerMapping [543] - Mapped "{[/machine/service/all/{ip}],methods=[GET]}" onto public java.util.List<com.onchain.projects.domain.Machine> com.onchain.projects.web.MachineServerController.getNewestServerInfo(javax.servlet.http.HttpServletRequest,javax.servlet.http.HttpServletResponse,java.lang.String)
[ INFO ] [2017-06-12 10:00:41] org.springframework.web.servlet.mvc.method.annotation.RequestMappingHandlerMapping [543] - Mapped "{[/node/service/getOneNode/{ip}],methods=[GET]}" onto public com.onchain.projects.domain.Node com.onchain.projects.web.OnchainNodeController.getOneNode(javax.servlet.http.HttpServletRequest,javax.servlet.http.HttpServletResponse,java.lang.String)
[ INFO ] [2017-06-12 10:00:41] org.springframework.web.servlet.mvc.method.annotation.RequestMappingHandlerMapping [543] - Mapped "{[/node/service/getNodeLocalDB]}" onto public com.onchain.projects.utils.common.PagedResult<com.onchain.projects.domain.Node> com.onchain.projects.web.OnchainNodeController.getAllNodes(javax.servlet.http.HttpServletRequest,javax.servlet.http.HttpServletResponse,java.lang.Integer,java.lang.Integer)
[ INFO ] [2017-06-12 10:00:41] org.springframework.web.servlet.mvc.method.annotation.RequestMappingHandlerMapping [543] - Mapped "{[/node/service/getNodeLocalDBtotal]}" onto public com.onchain.projects.web.param.NodeInfo com.onchain.projects.web.OnchainNodeController.getNodesInfo(javax.servlet.http.HttpServletRequest,javax.servlet.http.HttpServletResponse)
[ INFO ] [2017-06-12 10:00:41] org.springframework.web.servlet.mvc.method.annotation.RequestMappingHandlerMapping [543] - Mapped "{[/transaction/service/getRecentlyOne],methods=[GET]}" onto public com.onchain.projects.domain.Transaction com.onchain.projects.web.TransactionController.getDegreRecentlyOne(javax.servlet.http.HttpServletRequest,javax.servlet.http.HttpServletResponse)
[ INFO ] [2017-06-12 10:00:41] org.springframework.web.servlet.mvc.method.annotation.RequestMappingHandlerMapping [543] - Mapped "{[/transaction/service/getRecentlyList],methods=[GET]}" onto public java.util.List<com.onchain.projects.domain.Transaction> com.onchain.projects.web.TransactionController.getDegreeRecentlyList(javax.servlet.http.HttpServletRequest,javax.servlet.http.HttpServletResponse)
[ INFO ] [2017-06-12 10:00:41] org.springframework.web.servlet.mvc.method.annotation.RequestMappingHandlerMapping [543] - Mapped "{[/hello],methods=[GET]}" onto public java.lang.String com.onchain.projects.ws.web.MsgController.hello() throws java.lang.Exception
[ INFO ] [2017-06-12 10:00:41] org.springframework.web.servlet.mvc.method.annotation.RequestMappingHandlerMapping [543] - Mapped "{[/error]}" onto public org.springframework.http.ResponseEntity<java.util.Map<java.lang.String, java.lang.Object>> org.springframework.boot.autoconfigure.web.BasicErrorController.error(javax.servlet.http.HttpServletRequest)
[ INFO ] [2017-06-12 10:00:41] org.springframework.web.servlet.mvc.method.annotation.RequestMappingHandlerMapping [543] - Mapped "{[/error],produces=[text/html]}" onto public org.springframework.web.servlet.ModelAndView org.springframework.boot.autoconfigure.web.BasicErrorController.errorHtml(javax.servlet.http.HttpServletRequest,javax.servlet.http.HttpServletResponse)
[ INFO ] [2017-06-12 10:00:41] org.springframework.web.servlet.handler.SimpleUrlHandlerMapping [362] - Mapped URL path [/H5] onto handler of type [class org.springframework.web.servlet.mvc.ParameterizableViewController]
[ INFO ] [2017-06-12 10:00:41] org.springframework.web.servlet.handler.SimpleUrlHandlerMapping [362] - Mapped URL path [/ws] onto handler of type [class org.springframework.web.servlet.mvc.ParameterizableViewController]
[ INFO ] [2017-06-12 10:00:41] org.springframework.web.servlet.handler.SimpleUrlHandlerMapping [362] - Mapped URL path [/webjars/**] onto handler of type [class org.springframework.web.servlet.resource.ResourceHttpRequestHandler]
[ INFO ] [2017-06-12 10:00:41] org.springframework.web.servlet.handler.SimpleUrlHandlerMapping [362] - Mapped URL path [/**] onto handler of type [class org.springframework.web.servlet.resource.ResourceHttpRequestHandler]
[ INFO ] [2017-06-12 10:00:41] org.springframework.web.servlet.handler.SimpleUrlHandlerMapping [362] - Mapped URL path [/**/favicon.ico] onto handler of type [class org.springframework.web.servlet.resource.ResourceHttpRequestHandler]
[ INFO ] [2017-06-12 10:00:41] org.springframework.boot.autoconfigure.web.WebMvcAutoConfiguration$WelcomePageHandlerMapping [573] - Adding welcome page: class path resource [static/index.html]
[ INFO ] [2017-06-12 10:00:41] org.springframework.jmx.export.annotation.AnnotationMBeanExporter [431] - Registering beans for JMX exposure on startup
[ INFO ] [2017-06-12 10:00:41] org.springframework.context.support.DefaultLifecycleProcessor [343] - Starting beans in phase 2147483647
[ INFO ] [2017-06-12 10:00:41] org.springframework.messaging.simp.broker.SimpleBrokerMessageHandler [157] - Starting...
[ INFO ] [2017-06-12 10:00:41] org.springframework.messaging.simp.broker.SimpleBrokerMessageHandler [260] - BrokerAvailabilityEvent[available=true, SimpleBrokerMessageHandler [DefaultSubscriptionRegistry[cache[0 destination(s)], registry[0 sessions]]]]
[ INFO ] [2017-06-12 10:00:41] org.springframework.messaging.simp.broker.SimpleBrokerMessageHandler [166] - Started.
[ INFO ] [2017-06-12 10:00:41] org.apache.coyote.http11.Http11NioProtocol [179] - Initializing ProtocolHandler ["http-nio-7070"]
[ INFO ] [2017-06-12 10:00:41] org.apache.coyote.http11.Http11NioProtocol [179] - Starting ProtocolHandler ["http-nio-7070"]
[ INFO ] [2017-06-12 10:00:41] org.apache.tomcat.util.net.NioSelectorPool [179] - Using a shared selector for servlet write/read
[ INFO ] [2017-06-12 10:00:41] org.springframework.boot.context.embedded.tomcat.TomcatEmbeddedServletContainer [198] - Tomcat started on port(s): 7070 (http)
[ INFO ] [2017-06-12 10:00:41] com.onchain.projects.ExplorerWsApplication [57] - Started ExplorerWsApplication in 5.954 seconds (JVM running for 6.714)
[ INFO ] [2017-06-12 10:00:44] org.apache.catalina.core.ContainerBase.[Tomcat].[localhost].[/] [179] - Initializing Spring FrameworkServlet 'dispatcherServlet'
[ INFO ] [2017-06-12 10:00:44] org.springframework.web.servlet.DispatcherServlet [489] - FrameworkServlet 'dispatcherServlet': initialization started
[ INFO ] [2017-06-12 10:00:44] org.springframework.web.servlet.DispatcherServlet [508] - FrameworkServlet 'dispatcherServlet': initialization completed in 31 ms
[ DEBUG] [2017-06-12 10:00:46] dao.BlockDao.getSummaryInfo [159] - ==>  Preparing: select * from tbl_pro_current 
[ DEBUG] [2017-06-12 10:00:46] dao.NodeDao.getNodeNumByFlag [159] - ==>  Preparing: SELECT count(*) FROM tbl_pro_node where 1=1 and rpc_status = ? 
[ DEBUG] [2017-06-12 10:00:46] dao.NodeDao.getNodeList [159] - ==>  Preparing: SELECT * FROM tbl_pro_node where 1=1 
[ DEBUG] [2017-06-12 10:00:46] dao.BlockDao.getSummaryInfo [159] - ==> Parameters: 
[ DEBUG] [2017-06-12 10:00:46] dao.NodeDao.getNodeNumByFlag [159] - ==> Parameters: 0(String)
[ DEBUG] [2017-06-12 10:00:46] dao.NodeDao.getNodeList [159] - ==> Parameters: 
[ DEBUG] [2017-06-12 10:00:46] dao.NodeDao.getNodeNumByFlag [159] - <==      Total: 1
[ DEBUG] [2017-06-12 10:00:46] dao.BlockDao.getSummaryInfo [159] - <==      Total: 1
[ DEBUG] [2017-06-12 10:00:46] dao.NodeDao.getNodeList [159] - <==      Total: 5
[ DEBUG] [2017-06-12 10:00:46] dao.NodeDao.getNodeNumByFlag [159] - ==>  Preparing: SELECT count(*) FROM tbl_pro_node where 1=1 and rpc_status = ? 
[ DEBUG] [2017-06-12 10:00:46] dao.NodeDao.getNodeNumByFlag [159] - ==> Parameters: 1(String)
[ DEBUG] [2017-06-12 10:00:46] dao.NodeDao.getNodeNumByFlag [159] - <==      Total: 1
[ DEBUG] [2017-06-12 10:00:46] dao.NodeDao.getNodeList [159] - ==>  Preparing: SELECT * FROM tbl_pro_node where 1=1 
[ DEBUG] [2017-06-12 10:00:46] dao.NodeDao.getNodeList [159] - ==> Parameters: 
[ DEBUG] [2017-06-12 10:00:46] dao.NodeDao.getNodeList [159] - <==      Total: 5
[ DEBUG] [2017-06-12 10:00:49] dao.BlockDao.getSummaryInfo [159] - ==>  Preparing: select * from tbl_pro_current 
[ DEBUG] [2017-06-12 10:00:49] dao.NodeDao.getNodeNumByFlag [159] - ==>  Preparing: SELECT count(*) FROM tbl_pro_node where 1=1 and rpc_status = ? 
[ DEBUG] [2017-06-12 10:00:49] dao.BlockDao.getSummaryInfo [159] - ==> Parameters: 
[ DEBUG] [2017-06-12 10:00:49] dao.NodeDao.getNodeNumByFlag [159] - ==> Parameters: 0(String)
[ DEBUG] [2017-06-12 10:00:49] dao.NodeDao.getNodeList [159] - ==>  Preparing: SELECT * FROM tbl_pro_node where 1=1 
[ DEBUG] [2017-06-12 10:00:49] dao.NodeDao.getNodeList [159] - ==> Parameters: 
[ DEBUG] [2017-06-12 10:00:49] dao.NodeDao.getNodeNumByFlag [159] - <==      Total: 1
[ DEBUG] [2017-06-12 10:00:49] dao.BlockDao.getSummaryInfo [159] - <==      Total: 1
[ DEBUG] [2017-06-12 10:00:49] dao.NodeDao.getNodeNumByFlag [159] - ==>  Preparing: SELECT count(*) FROM tbl_pro_node where 1=1 and rpc_status = ? 
[ DEBUG] [2017-06-12 10:00:49] dao.NodeDao.getNodeNumByFlag [159] - ==> Parameters: 1(String)
[ DEBUG] [2017-06-12 10:00:49] dao.NodeDao.getNodeList [159] - <==      Total: 5
[ DEBUG] [2017-06-12 10:00:49] dao.NodeDao.getNodeNumByFlag [159] - <==      Total: 1
[ DEBUG] [2017-06-12 10:00:49] dao.NodeDao.getNodeList [159] - ==>  Preparing: SELECT * FROM tbl_pro_node where 1=1 
[ DEBUG] [2017-06-12 10:00:49] dao.NodeDao.getNodeList [159] - ==> Parameters: 
[ DEBUG] [2017-06-12 10:00:49] dao.NodeDao.getNodeList [159] - <==      Total: 5
[ DEBUG] [2017-06-12 10:00:54] dao.BlockDao.getSummaryInfo [159] - ==>  Preparing: select * from tbl_pro_current 
[ DEBUG] [2017-06-12 10:00:54] dao.NodeDao.getNodeNumByFlag [159] - ==>  Preparing: SELECT count(*) FROM tbl_pro_node where 1=1 and rpc_status = ? 
[ DEBUG] [2017-06-12 10:00:54] dao.BlockDao.getSummaryInfo [159] - ==> Parameters: 
[ DEBUG] [2017-06-12 10:00:54] dao.NodeDao.getNodeNumByFlag [159] - ==> Parameters: 0(String)
[ DEBUG] [2017-06-12 10:00:54] dao.NodeDao.getNodeList [159] - ==>  Preparing: SELECT * FROM tbl_pro_node where 1=1 
[ DEBUG] [2017-06-12 10:00:54] dao.NodeDao.getNodeList [159] - ==> Parameters: 
[ DEBUG] [2017-06-12 10:00:54] dao.NodeDao.getNodeNumByFlag [159] - <==      Total: 1
[ DEBUG] [2017-06-12 10:00:54] dao.BlockDao.getSummaryInfo [159] - <==      Total: 1
[ DEBUG] [2017-06-12 10:00:54] dao.NodeDao.getNodeNumByFlag [159] - ==>  Preparing: SELECT count(*) FROM tbl_pro_node where 1=1 and rpc_status = ? 
[ DEBUG] [2017-06-12 10:00:54] dao.NodeDao.getNodeList [159] - <==      Total: 5
[ DEBUG] [2017-06-12 10:00:54] dao.NodeDao.getNodeNumByFlag [159] - ==> Parameters: 1(String)
[ DEBUG] [2017-06-12 10:00:54] dao.NodeDao.getNodeNumByFlag [159] - <==      Total: 1
[ DEBUG] [2017-06-12 10:00:54] dao.NodeDao.getNodeList [159] - ==>  Preparing: SELECT * FROM tbl_pro_node where 1=1 
[ DEBUG] [2017-06-12 10:00:54] dao.NodeDao.getNodeList [159] - ==> Parameters: 
[ DEBUG] [2017-06-12 10:00:54] dao.NodeDao.getNodeList [159] - <==      Total: 5
[ DEBUG] [2017-06-12 10:00:59] dao.BlockDao.getSummaryInfo [159] - ==>  Preparing: select * from tbl_pro_current 
[ DEBUG] [2017-06-12 10:00:59] dao.BlockDao.getSummaryInfo [159] - ==> Parameters: 
[ DEBUG] [2017-06-12 10:00:59] dao.NodeDao.getNodeNumByFlag [159] - ==>  Preparing: SELECT count(*) FROM tbl_pro_node where 1=1 and rpc_status = ? 
[ DEBUG] [2017-06-12 10:00:59] dao.NodeDao.getNodeList [159] - ==>  Preparing: SELECT * FROM tbl_pro_node where 1=1 
[ DEBUG] [2017-06-12 10:00:59] dao.NodeDao.getNodeNumByFlag [159] - ==> Parameters: 0(String)
[ DEBUG] [2017-06-12 10:00:59] dao.NodeDao.getNodeList [159] - ==> Parameters: 
[ DEBUG] [2017-06-12 10:00:59] dao.BlockDao.getSummaryInfo [159] - <==      Total: 1
[ DEBUG] [2017-06-12 10:00:59] dao.NodeDao.getNodeNumByFlag [159] - <==      Total: 1
[ DEBUG] [2017-06-12 10:00:59] dao.NodeDao.getNodeList [159] - <==      Total: 5
[ DEBUG] [2017-06-12 10:00:59] dao.NodeDao.getNodeNumByFlag [159] - ==>  Preparing: SELECT count(*) FROM tbl_pro_node where 1=1 and rpc_status = ? 
[ DEBUG] [2017-06-12 10:00:59] dao.NodeDao.getNodeNumByFlag [159] - ==> Parameters: 1(String)
[ DEBUG] [2017-06-12 10:00:59] dao.NodeDao.getNodeNumByFlag [159] - <==      Total: 1
[ DEBUG] [2017-06-12 10:00:59] dao.NodeDao.getNodeList [159] - ==>  Preparing: SELECT * FROM tbl_pro_node where 1=1 
[ DEBUG] [2017-06-12 10:00:59] dao.NodeDao.getNodeList [159] - ==> Parameters: 
[ DEBUG] [2017-06-12 10:00:59] dao.NodeDao.getNodeList [159] - <==      Total: 5
[ DEBUG] [2017-06-12 10:01:00] dao.NodeDao.getNodeList [159] - ==>  Preparing: SELECT * FROM tbl_pro_node where 1=1 
[ DEBUG] [2017-06-12 10:01:00] dao.NodeDao.getNodeList [159] - ==> Parameters: 
[ DEBUG] [2017-06-12 10:01:00] dao.NodeDao.getOneNode [159] - ==>  Preparing: select * from tbl_pro_node where url like ? 
[ DEBUG] [2017-06-12 10:01:00] dao.NodeDao.getNodeList [159] - <==      Total: 5
[ DEBUG] [2017-06-12 10:01:00] dao.NodeDao.getOneNode [159] - ==> Parameters: 192.168.1.103:%(String)
[ DEBUG] [2017-06-12 10:01:00] dao.MachineDao.getMachineInfo [159] - ==>  Preparing: select * from tbl_pro_machine where node_ip = ? order by date DESC limit 360 
[ DEBUG] [2017-06-12 10:01:00] dao.MachineDao.getMachineInfo [159] - ==> Parameters: 192.168.1.103(String)
[ DEBUG] [2017-06-12 10:01:00] dao.NodeDao.getOneNode [159] - <==      Total: 1
[ DEBUG] [2017-06-12 10:01:00] dao.MachineDao.getMachineInfo [159] - <==      Total: 68
[ DEBUG] [2017-06-12 10:01:10] dao.MachineDao.getMachineInfo [159] - ==>  Preparing: select * from tbl_pro_machine where node_ip = ? order by date DESC limit 360 
[ DEBUG] [2017-06-12 10:01:10] dao.NodeDao.getOneNode [159] - ==>  Preparing: select * from tbl_pro_node where url like ? 
[ DEBUG] [2017-06-12 10:01:10] dao.MachineDao.getMachineInfo [159] - ==> Parameters: 192.168.1.103(String)
[ DEBUG] [2017-06-12 10:01:10] dao.NodeDao.getOneNode [159] - ==> Parameters: 192.168.1.103:%(String)
[ DEBUG] [2017-06-12 10:01:10] dao.NodeDao.getOneNode [159] - <==      Total: 1
[ DEBUG] [2017-06-12 10:01:10] dao.MachineDao.getMachineInfo [159] - <==      Total: 68
[ DEBUG] [2017-06-12 10:01:20] dao.MachineDao.getMachineInfo [159] - ==>  Preparing: select * from tbl_pro_machine where node_ip = ? order by date DESC limit 360 
[ DEBUG] [2017-06-12 10:01:20] dao.MachineDao.getMachineInfo [159] - ==> Parameters: 192.168.1.103(String)
[ DEBUG] [2017-06-12 10:01:20] dao.NodeDao.getOneNode [159] - ==>  Preparing: select * from tbl_pro_node where url like ? 
[ DEBUG] [2017-06-12 10:01:20] dao.NodeDao.getOneNode [159] - ==> Parameters: 192.168.1.103:%(String)
[ DEBUG] [2017-06-12 10:01:20] dao.NodeDao.getOneNode [159] - <==      Total: 1
[ DEBUG] [2017-06-12 10:01:20] dao.MachineDao.getMachineInfo [159] - <==      Total: 68
[ INFO ] [2017-06-12 10:01:40] org.springframework.web.socket.config.WebSocketMessageBrokerStats [113] - WebSocketSession[0 current WS(0)-HttpStream(0)-HttpPoll(0), 0 total, 0 closed abnormally (0 connect failure, 0 send limit, 0 transport error)], stompSubProtocol[processed CONNECT(0)-CONNECTED(0)-DISCONNECT(0)], stompBrokerRelay[null], inboundChannel[pool size = 0, active threads = 0, queued tasks = 0, completed tasks = 0], outboundChannelpool size = 0, active threads = 0, queued tasks = 0, completed tasks = 0], sockJsScheduler[pool size = 1, active threads = 1, queued tasks = 0, completed tasks = 0]
